#
# A fatal error has been detected by the Java Runtime Environment:
#
#  EXCEPTION_ACCESS_VIOLATION (0xc0000005) at pc=0x10009e69, pid=5012, tid=6528
#
# JRE version: 6.0_27-b07
# Java VM: Java HotSpot(TM) Client VM (20.2-b06 mixed mode, sharing windows-x86 )
# Problematic frame:
# C  [rxtxSerial.dll+0x9e69]
#
# If you would like to submit a bug report, please visit:
#   http://java.sun.com/webapps/bugreport/crash.jsp
# The crash happened outside the Java Virtual Machine in native code.
# See problematic frame for where to report the bug.
#

---------------  T H R E A D  ---------------

Current thread (0x03f63c00):  JavaThread "Thread-2" [_thread_in_native, id=6528, stack(0x04250000,0x042a0000)]

siginfo: ExceptionCode=0xc0000005, writing address 0x0424f7b0

Registers:
EAX=0x0424f7a8, EBX=0x00000000, ECX=0x00000019, EDX=0x00000000
ESP=0x0429f630, EBP=0x0429f818, ESI=0x33c40e10, EDI=0x03f63c00
EIP=0x10009e69, EFLAGS=0x00010206

Top of Stack: (sp=0x0429f630)
0x0429f630:   6d9403a0 00000029 00001e13 0429f730
0x0429f640:   00000401 00f00000 03f7fae8 0429f730
0x0429f650:   77186fea 00000026 6baa3ac0 0424f7a8
0x0429f660:   00000002 00000000 00000001 00000001
0x0429f670:   00000000 00f02638 6d8ebf67 00f02528
0x0429f680:   01c91fe8 00001e13 6d8eb700 00f02528
0x0429f690:   0000077f 03f7faf0 00000003 01c91ff0
0x0429f6a0:   00000401 01c92008 01c92004 6d8ebf67 

Instructions: (pc=0x10009e69)
0x10009e49:   38 0b 74 27 83 c4 f4 68 e0 9b 00 10 e8 d2 27 00
0x10009e59:   00 83 c4 10 8b 85 44 fe ff ff 8b 95 4c fe ff ff
0x10009e69:   89 50 08 b8 ff ff ff ff eb 5d 90 8b 85 44 fe ff
0x10009e79:   ff 8b 95 4c fe ff ff 89 50 08 b8 ff ff ff ff eb 


Register to memory mapping:

EAX=0x0424f7a8 is an unknown value
EBX=0x00000000 is an unknown value
ECX=0x00000019 is an unknown value
EDX=0x00000000 is an unknown value
ESP=0x0429f630 is pointing into the stack for thread: 0x03f63c00
EBP=0x0429f818 is pointing into the stack for thread: 0x03f63c00
ESI=0x33c40e10 is an oop
{constMethod} 
 - klass: {other class}
 - method:       0x33c40e18 {method} 'readArray' '([BII)I' in 'gnu/io/RXTXPort'
 - exceptions:   0x37c20068
EDI=0x03f63c00 is a thread


Stack: [0x04250000,0x042a0000],  sp=0x0429f630,  free space=317k
Native frames: (J=compiled Java code, j=interpreted, Vv=VM code, C=native code)
C  [rxtxSerial.dll+0x9e69]  Java_gnu_io_RXTXPort_nativeSetEndOfInputChar+0x3a9
C  [rxtxSerial.dll+0xa20b]  Java_gnu_io_RXTXPort_readArray+0xc3
j  gnu.io.RXTXPort.readArray([BII)I+0
j  gnu.io.RXTXPort$SerialInputStream.read([BII)I+187
j  java.io.BufferedInputStream.fill()V+175
j  java.io.BufferedInputStream.read()I+12
j  com.sun.spot.peripheral.radio.HostSerialPipe.readByte()B+10
j  com.sun.spot.peripheral.radio.HostSerialPipe.receive([B)V+7
j  com.sun.spot.peripheral.radio.ProxyMACCommandExecutor.run()V+17
v  ~StubRoutines::call_stub
V  [jvm.dll+0xfac3b]
V  [jvm.dll+0x18c391]
V  [jvm.dll+0xfade1]
V  [jvm.dll+0xfae3b]
V  [jvm.dll+0xb5569]
V  [jvm.dll+0x118f14]
V  [jvm.dll+0x140fec]
C  [msvcr71.dll+0x9565]  endthreadex+0xa0
C  [kernel32.dll+0x4d309]  BaseThreadInitThunk+0x12
C  [ntdll.dll+0x416c3]  RtlInitializeExceptionChain+0x63
C  [ntdll.dll+0x41696]  RtlInitializeExceptionChain+0x36

Java frames: (J=compiled Java code, j=interpreted, Vv=VM code)
j  gnu.io.RXTXPort.readArray([BII)I+0
j  gnu.io.RXTXPort$SerialInputStream.read([BII)I+187
j  java.io.BufferedInputStream.fill()V+175
j  java.io.BufferedInputStream.read()I+12
j  com.sun.spot.peripheral.radio.HostSerialPipe.readByte()B+10
j  com.sun.spot.peripheral.radio.HostSerialPipe.receive([B)V+7
j  com.sun.spot.peripheral.radio.ProxyMACCommandExecutor.run()V+17
v  ~StubRoutines::call_stub

---------------  P R O C E S S  ---------------

Java Threads: ( => current thread )
=>0x03f63c00 JavaThread "Thread-2" [_thread_in_native, id=6528, stack(0x04250000,0x042a0000)]
  0x01c90000 JavaThread "Low Memory Detector" daemon [_thread_blocked, id=4532, stack(0x03eb0000,0x03f00000)]
  0x01c8b400 JavaThread "C1 CompilerThread0" daemon [_thread_blocked, id=6632, stack(0x03e60000,0x03eb0000)]
  0x01c88000 JavaThread "Attach Listener" daemon [_thread_blocked, id=6256, stack(0x03e10000,0x03e60000)]
  0x01c82000 JavaThread "Finalizer" daemon [_thread_blocked, id=6432, stack(0x03d10000,0x03d60000)]
  0x01c7d400 JavaThread "Reference Handler" daemon [_thread_blocked, id=6104, stack(0x00ca0000,0x00cf0000)]
  0x00f09400 JavaThread "main" [_thread_blocked, id=7780, stack(0x00260000,0x002b0000)]

Other Threads:
  0x01c41000 VMThread [stack: 0x00bb0000,0x00c00000] [id=5856]

VM state:at safepoint (normal execution)

VM Mutex/Monitor currently owned by a thread:  ([mutex/lock_event])
[0x00f07548] Threads_lock - owner thread: 0x01c41000

Heap
 def new generation   total 4928K, used 1644K [0x23c20000, 0x24170000, 0x29170000)
  eden space 4416K,  37% used [0x23c20000, 0x23dbb3c8, 0x24070000)
  from space 512K,   0% used [0x24070000, 0x24070000, 0x240f0000)
  to   space 512K,   0% used [0x240f0000, 0x240f0000, 0x24170000)
 tenured generation   total 10944K, used 0K [0x29170000, 0x29c20000, 0x33c20000)
   the space 10944K,   0% used [0x29170000, 0x29170000, 0x29170200, 0x29c20000)
 compacting perm gen  total 12288K, used 272K [0x33c20000, 0x34820000, 0x37c20000)
   the space 12288K,   2% used [0x33c20000, 0x33c64220, 0x33c64400, 0x34820000)
    ro space 10240K,  54% used [0x37c20000, 0x3819f548, 0x3819f600, 0x38620000)
    rw space 12288K,  55% used [0x38620000, 0x38cc5140, 0x38cc5200, 0x39220000)

Code Cache  [0x01d10000, 0x01d90000, 0x03d10000)
 total_blobs=171 nmethods=46 adapters=62 free_code_cache=33036992 largest_free_block=0

Dynamic libraries:
0x00400000 - 0x00424000 	C:\Program Files\Java\jdk1.6.0_27\jre\bin\java.exe
0x77120000 - 0x77248000 	C:\Windows\system32\ntdll.dll
0x76f70000 - 0x7704c000 	C:\Windows\system32\kernel32.dll
0x75810000 - 0x75844000 	C:\Program Files\AVAST Software\Avast\snxhk.dll
0x77050000 - 0x77116000 	C:\Windows\system32\ADVAPI32.dll
0x75fd0000 - 0x76093000 	C:\Windows\system32\RPCRT4.dll
0x7c340000 - 0x7c396000 	C:\Program Files\Java\jdk1.6.0_27\jre\bin\msvcr71.dll
0x6d8a0000 - 0x6db4f000 	C:\Program Files\Java\jdk1.6.0_27\jre\bin\client\jvm.dll
0x76ed0000 - 0x76f6d000 	C:\Windows\system32\USER32.dll
0x75dc0000 - 0x75e0b000 	C:\Windows\system32\GDI32.dll
0x73ec0000 - 0x73ef2000 	C:\Windows\system32\WINMM.dll
0x75bf0000 - 0x75c9a000 	C:\Windows\system32\msvcrt.dll
0x761d0000 - 0x76315000 	C:\Windows\system32\ole32.dll
0x75b60000 - 0x75bed000 	C:\Windows\system32\OLEAUT32.dll
0x74840000 - 0x7487e000 	C:\Windows\system32\OLEACC.dll
0x77280000 - 0x7729e000 	C:\Windows\system32\IMM32.DLL
0x76100000 - 0x761c8000 	C:\Windows\system32\MSCTF.dll
0x756f0000 - 0x7571c000 	C:\Windows\system32\apphelp.dll
0x76320000 - 0x76329000 	C:\Windows\system32\LPK.DLL
0x76e50000 - 0x76ecd000 	C:\Windows\system32\USP10.dll
0x6d850000 - 0x6d85c000 	C:\Program Files\Java\jdk1.6.0_27\jre\bin\verify.dll
0x6d3d0000 - 0x6d3ef000 	C:\Program Files\Java\jdk1.6.0_27\jre\bin\java.dll
0x6d890000 - 0x6d89f000 	C:\Program Files\Java\jdk1.6.0_27\jre\bin\zip.dll
0x76330000 - 0x76e41000 	C:\Windows\system32\SHELL32.DLL
0x760a0000 - 0x760f9000 	C:\Windows\system32\SHLWAPI.dll
0x74670000 - 0x7480e000 	C:\Windows\WinSxS\x86_microsoft.windows.common-controls_6595b64144ccf1df_6.0.6002.18305_none_5cb72f2a088b0ed3\comctl32.dll
0x74c00000 - 0x74c09000 	C:\ProgramData\Real\RealPlayer\BrowserRecordPlugin\Chrome\Hook\rpchrome150browserrecordhelper.dll
0x72680000 - 0x72723000 	C:\Windows\WinSxS\x86_microsoft.vc90.crt_1fc8b3b9a1e18e3b_9.0.30729.4148_none_5090ab56bcba71c2\MSVCR90.dll
0x759d0000 - 0x75b5a000 	C:\Windows\system32\SETUPAPI.dll
0x10000000 - 0x10012000 	C:\ProgramFiles\Sun\SunSPOT\sdk\lib\rxtxSerial.dll
0x6d570000 - 0x6d597000 	C:\Windows\system32\crtdll.dll
0x758e0000 - 0x758e7000 	C:\Windows\system32\PSAPI.DLL

VM Arguments:
jvm_args: -Djava.library.path=C:/ProgramFiles/Sun/SunSPOT/sdk/lib -Dspotselector.inhibit.full.basestation.check=false -Dspotclient.verbose=${spotclient.verbose} -Dspot.mesh.routing.enable=endnode 
java_command: com.sun.spot.spotselector.CommandLineSpotSelector COM6 (00144F0100006CE5) 2 COM6 C:\ProgramFiles\Sun\SunSPOT\sdk\temp\spotselector-312552221
Launcher Type: SUN_STANDARD

Environment Variables:
PATH=C:\Windows\system32;C:\Windows;C:\Windows\System32\Wbem;C:\Windows\System32\WindowsPowerShell\v1.0\;C:\Program Files\Internet Explorer;C:\Program Files\Java\jdk1.6.0_27\bin;C:\apache-ant-1.8.2\bin;C:\Program Files\Java\jre6\bin\client;C:\ProgramFiles\NetBeans 7.0.1\bin;C:\Program Files\MATLAB\R2011b\runtime\win32;C:\Program Files\MATLAB\R2011b\bin;C:\Program Files\Graphviz 2.28\bin
USERNAME=SANDHYA
OS=Windows_NT
PROCESSOR_IDENTIFIER=x86 Family 6 Model 15 Stepping 13, GenuineIntel



---------------  S Y S T E M  ---------------

OS: Windows Vista Build 6002 Service Pack 2

CPU:total 2 (2 cores per cpu, 1 threads per core) family 6 model 15 stepping 13, cmov, cx8, fxsr, mmx, sse, sse2, sse3, ssse3

Memory: 4k page, physical 2086516k(895916k free), swap 4413956k(2895136k free)

vm_info: Java HotSpot(TM) Client VM (20.2-b06) for windows-x86 JRE (1.6.0_27-b07), built on Jul 19 2011 01:04:42 by "java_re" with MS VC++ 7.1 (VS2003)

time: Mon Dec 05 11:27:44 2011
elapsed time: 2 seconds

